This is pdfTeX, Version 3.141592653-2.6-1.40.25 (MiKTeX 23.5) (preloaded format=pdflatex 2023.5.10)  23 OCT 2023 21:59
entering extended mode
 restricted \write18 enabled.
 %&-line parsing enabled.
**c:/PC_RTD_GITHUB/PC_latex/docs/latex_maths/backtracking_2step/invop_makers/in
vop1_++_q.tex

(c:/PC_RTD_GITHUB/PC_latex/docs/latex_maths/backtracking_2step/invop_makers/inv
op1_++_q.tex
LaTeX2e <2022-11-01> patch level 1
L3 programming layer <2023-04-20>
(C:\Users\gmccarthy\AppData\Local\Programs\MiKTeX\tex/latex/standalone\standalo
ne.cls
Document Class: standalone 2022/10/10 v1.3b Class to compile TeX sub-files stan
dalone
(C:\Users\gmccarthy\AppData\Local\Programs\MiKTeX\tex/latex/tools\shellesc.sty
Package: shellesc 2019/11/08 v1.0c unified shell escape interface for LaTeX
Package shellesc Info: Restricted shell escape enabled on input line 77.
)
(C:\Users\gmccarthy\AppData\Local\Programs\MiKTeX\tex/generic/iftex\ifluatex.st
y
Package: ifluatex 2019/10/25 v1.5 ifluatex legacy package. Use iftex instead.
 (C:\Users\gmccarthy\AppData\Local\Programs\MiKTeX\tex/generic/iftex\iftex.sty
Package: iftex 2022/02/03 v1.0f TeX engine tests
))
(C:\Users\gmccarthy\AppData\Local\Programs\MiKTeX\tex/latex/xkeyval\xkeyval.sty
Package: xkeyval 2022/06/16 v2.9 package option processing (HA)

(C:\Users\gmccarthy\AppData\Local\Programs\MiKTeX\tex/generic/xkeyval\xkeyval.t
ex
(C:\Users\gmccarthy\AppData\Local\Programs\MiKTeX\tex/generic/xkeyval\xkvutils.
tex
\XKV@toks=\toks16
\XKV@tempa@toks=\toks17

(C:\Users\gmccarthy\AppData\Local\Programs\MiKTeX\tex/generic/xkeyval\keyval.te
x))
\XKV@depth=\count185
File: xkeyval.tex 2014/12/03 v2.7a key=value parser (HA)
))
\sa@internal=\count186
\c@sapage=\count187

(C:\Users\gmccarthy\AppData\Local\Programs\MiKTeX\tex/latex/standalone\standalo
ne.cfg
File: standalone.cfg 2022/10/10 v1.3b Default configuration file for 'standalon
e' class
)
(C:\Users\gmccarthy\AppData\Local\Programs\MiKTeX\tex/latex/base\article.cls
Document Class: article 2022/07/02 v1.4n Standard LaTeX document class
(C:\Users\gmccarthy\AppData\Local\Programs\MiKTeX\tex/latex/base\size10.clo
File: size10.clo 2022/07/02 v1.4n Standard LaTeX file (size option)
)
\c@part=\count188
\c@section=\count189
\c@subsection=\count190
\c@subsubsection=\count191
\c@paragraph=\count192
\c@subparagraph=\count193
\c@figure=\count194
\c@table=\count195
\abovecaptionskip=\skip48
\belowcaptionskip=\skip49
\bibindent=\dimen140
)
\sa@box=\box51
)
(C:\Users\gmccarthy\AppData\Local\Programs\MiKTeX\tex/latex/amsmath\amsmath.sty
Package: amsmath 2022/04/08 v2.17n AMS math features
\@mathmargin=\skip50
For additional information on amsmath, use the `?' option.

(C:\Users\gmccarthy\AppData\Local\Programs\MiKTeX\tex/latex/amsmath\amstext.sty
Package: amstext 2021/08/26 v2.01 AMS text
(C:\Users\gmccarthy\AppData\Local\Programs\MiKTeX\tex/latex/amsmath\amsgen.sty
File: amsgen.sty 1999/11/30 v2.0 generic functions
\@emptytoks=\toks18
\ex@=\dimen141
))
(C:\Users\gmccarthy\AppData\Local\Programs\MiKTeX\tex/latex/amsmath\amsbsy.sty
Package: amsbsy 1999/11/29 v1.2d Bold Symbols
\pmbraise@=\dimen142
) (C:\Users\gmccarthy\AppData\Local\Programs\MiKTeX\tex/latex/amsmath\amsopn.st
y
Package: amsopn 2022/04/08 v2.04 operator names
)
\inf@bad=\count196
LaTeX Info: Redefining \frac on input line 234.
\uproot@=\count197
\leftroot@=\count198
LaTeX Info: Redefining \overline on input line 399.
LaTeX Info: Redefining \colon on input line 410.
\classnum@=\count199
\DOTSCASE@=\count266
LaTeX Info: Redefining \ldots on input line 496.
LaTeX Info: Redefining \dots on input line 499.
LaTeX Info: Redefining \cdots on input line 620.
\Mathstrutbox@=\box52
\strutbox@=\box53
LaTeX Info: Redefining \big on input line 722.
LaTeX Info: Redefining \Big on input line 723.
LaTeX Info: Redefining \bigg on input line 724.
LaTeX Info: Redefining \Bigg on input line 725.
\big@size=\dimen143
LaTeX Font Info:    Redeclaring font encoding OML on input line 743.
LaTeX Font Info:    Redeclaring font encoding OMS on input line 744.
\macc@depth=\count267
LaTeX Info: Redefining \bmod on input line 905.
LaT